[10-Oct-2023 08:49:32 Europe/London] PHP Fatal error:  Uncaught Mpdf\MpdfException: Unable to create output file document/survey-report-19.pdf in /home/dgfm/demo.dgfm.app/vendor/mpdf/mpdf/src/Mpdf.php:9627
Stack trace:
#0 /home/dgfm/demo.dgfm.app/cron/report/report.php(393): Mpdf\Mpdf->Output('document/survey...', 'F')
#1 {main}
  thrown in /home/dgfm/demo.dgfm.app/vendor/mpdf/mpdf/src/Mpdf.php on line 9627
[10-Oct-2023 08:55:20 Europe/London] PHP Fatal error:  Uncaught Mpdf\MpdfException: Unable to create output file document/survey-report-19.pdf in /home/dgfm/demo.dgfm.app/vendor/mpdf/mpdf/src/Mpdf.php:9627
Stack trace:
#0 /home/dgfm/demo.dgfm.app/cron/report/report.php(394): Mpdf\Mpdf->Output('document/survey...', 'F')
#1 {main}
  thrown in /home/dgfm/demo.dgfm.app/vendor/mpdf/mpdf/src/Mpdf.php on line 9627
[10-Oct-2023 08:56:16 Europe/London] PHP Fatal error:  Uncaught Mpdf\MpdfException: Unable to create output file document/survey-report-19.pdf in /home/dgfm/demo.dgfm.app/vendor/mpdf/mpdf/src/Mpdf.php:9627
Stack trace:
#0 /home/dgfm/demo.dgfm.app/cron/report/report.php(394): Mpdf\Mpdf->Output('document/survey...', 'F')
#1 {main}
  thrown in /home/dgfm/demo.dgfm.app/vendor/mpdf/mpdf/src/Mpdf.php on line 9627
[10-Oct-2023 08:56:34 Europe/London] PHP Fatal error:  Uncaught Mpdf\MpdfException: Unable to create output file document/survey-report-19.pdf in /home/dgfm/demo.dgfm.app/vendor/mpdf/mpdf/src/Mpdf.php:9627
Stack trace:
#0 /home/dgfm/demo.dgfm.app/cron/report/report.php(394): Mpdf\Mpdf->Output('document/survey...', 'F')
#1 {main}
  thrown in /home/dgfm/demo.dgfm.app/vendor/mpdf/mpdf/src/Mpdf.php on line 9627
[10-Oct-2023 08:57:33 Europe/London] PHP Fatal error:  Uncaught Mpdf\MpdfException: Unable to create output file document/survey-report-20.pdf in /home/dgfm/demo.dgfm.app/vendor/mpdf/mpdf/src/Mpdf.php:9627
Stack trace:
#0 /home/dgfm/demo.dgfm.app/cron/report/report.php(394): Mpdf\Mpdf->Output('document/survey...', 'F')
#1 {main}
  thrown in /home/dgfm/demo.dgfm.app/vendor/mpdf/mpdf/src/Mpdf.php on line 9627
[11-Oct-2023 00:02:03 Europe/London] PHP Fatal error:  Uncaught Mpdf\MpdfException: Unable to create output file document/survey-report-question-21.pdf in /home/dgfm/demo.dgfm.app/vendor/mpdf/mpdf/src/Mpdf.php:9627
Stack trace:
#0 /home/dgfm/demo.dgfm.app/cron/report/report-question.php(267): Mpdf\Mpdf->Output('document/survey...', 'F')
#1 {main}
  thrown in /home/dgfm/demo.dgfm.app/vendor/mpdf/mpdf/src/Mpdf.php on line 9627
[12-Oct-2023 00:02:03 Europe/London] PHP Fatal error:  Uncaught Mpdf\MpdfException: Unable to create output file document/survey-report-question-21.pdf in /home/dgfm/demo.dgfm.app/vendor/mpdf/mpdf/src/Mpdf.php:9627
Stack trace:
#0 /home/dgfm/demo.dgfm.app/cron/report/report-question.php(267): Mpdf\Mpdf->Output('document/survey...', 'F')
#1 {main}
  thrown in /home/dgfm/demo.dgfm.app/vendor/mpdf/mpdf/src/Mpdf.php on line 9627
[12-Oct-2023 00:02:03 Europe/London] PHP Fatal error:  Uncaught Mpdf\MpdfException: Unable to create output file document/survey-report-20.pdf in /home/dgfm/demo.dgfm.app/vendor/mpdf/mpdf/src/Mpdf.php:9627
Stack trace:
#0 /home/dgfm/demo.dgfm.app/cron/report/report.php(393): Mpdf\Mpdf->Output('document/survey...', 'F')
#1 {main}
  thrown in /home/dgfm/demo.dgfm.app/vendor/mpdf/mpdf/src/Mpdf.php on line 9627
[13-Oct-2023 00:02:02 Europe/London] PHP Fatal error:  Uncaught Mpdf\MpdfException: Unable to create output file document/survey-report-question-21.pdf in /home/dgfm/demo.dgfm.app/vendor/mpdf/mpdf/src/Mpdf.php:9627
Stack trace:
#0 /home/dgfm/demo.dgfm.app/cron/report/report-question.php(267): Mpdf\Mpdf->Output('document/survey...', 'F')
#1 {main}
  thrown in /home/dgfm/demo.dgfm.app/vendor/mpdf/mpdf/src/Mpdf.php on line 9627
[13-Oct-2023 00:02:03 Europe/London] PHP Fatal error:  Uncaught Mpdf\MpdfException: Unable to create output file document/survey-report-20.pdf in /home/dgfm/demo.dgfm.app/vendor/mpdf/mpdf/src/Mpdf.php:9627
Stack trace:
#0 /home/dgfm/demo.dgfm.app/cron/report/report.php(393): Mpdf\Mpdf->Output('document/survey...', 'F')
#1 {main}
  thrown in /home/dgfm/demo.dgfm.app/vendor/mpdf/mpdf/src/Mpdf.php on line 9627
[14-Oct-2023 00:02:02 Europe/London] PHP Fatal error:  Uncaught Mpdf\MpdfException: Unable to create output file document/survey-report-question-21.pdf in /home/dgfm/demo.dgfm.app/vendor/mpdf/mpdf/src/Mpdf.php:9627
Stack trace:
#0 /home/dgfm/demo.dgfm.app/cron/report/report-question.php(267): Mpdf\Mpdf->Output('document/survey...', 'F')
#1 {main}
  thrown in /home/dgfm/demo.dgfm.app/vendor/mpdf/mpdf/src/Mpdf.php on line 9627
[14-Oct-2023 00:02:02 Europe/London] PHP Fatal error:  Uncaught Mpdf\MpdfException: Unable to create output file document/survey-report-20.pdf in /home/dgfm/demo.dgfm.app/vendor/mpdf/mpdf/src/Mpdf.php:9627
Stack trace:
#0 /home/dgfm/demo.dgfm.app/cron/report/report.php(393): Mpdf\Mpdf->Output('document/survey...', 'F')
#1 {main}
  thrown in /home/dgfm/demo.dgfm.app/vendor/mpdf/mpdf/src/Mpdf.php on line 9627
[15-Oct-2023 00:02:02 Europe/London] PHP Fatal error:  Uncaught Mpdf\MpdfException: Unable to create output file document/survey-report-question-21.pdf in /home/dgfm/demo.dgfm.app/vendor/mpdf/mpdf/src/Mpdf.php:9627
Stack trace:
#0 /home/dgfm/demo.dgfm.app/cron/report/report-question.php(267): Mpdf\Mpdf->Output('document/survey...', 'F')
#1 {main}
  thrown in /home/dgfm/demo.dgfm.app/vendor/mpdf/mpdf/src/Mpdf.php on line 9627
[15-Oct-2023 00:02:03 Europe/London] PHP Fatal error:  Uncaught Mpdf\MpdfException: Unable to create output file document/survey-report-19.pdf in /home/dgfm/demo.dgfm.app/vendor/mpdf/mpdf/src/Mpdf.php:9627
Stack trace:
#0 /home/dgfm/demo.dgfm.app/cron/report/report.php(393): Mpdf\Mpdf->Output('document/survey...', 'F')
#1 {main}
  thrown in /home/dgfm/demo.dgfm.app/vendor/mpdf/mpdf/src/Mpdf.php on line 9627
[16-Oct-2023 00:02:02 Europe/London] PHP Fatal error:  Uncaught Mpdf\MpdfException: Unable to create output file document/survey-report-question-21.pdf in /home/dgfm/demo.dgfm.app/vendor/mpdf/mpdf/src/Mpdf.php:9627
Stack trace:
#0 /home/dgfm/demo.dgfm.app/cron/report/report-question.php(267): Mpdf\Mpdf->Output('document/survey...', 'F')
#1 {main}
  thrown in /home/dgfm/demo.dgfm.app/vendor/mpdf/mpdf/src/Mpdf.php on line 9627
[16-Oct-2023 00:02:03 Europe/London] PHP Fatal error:  Uncaught Mpdf\MpdfException: Unable to create output file document/survey-report-19.pdf in /home/dgfm/demo.dgfm.app/vendor/mpdf/mpdf/src/Mpdf.php:9627
Stack trace:
#0 /home/dgfm/demo.dgfm.app/cron/report/report.php(393): Mpdf\Mpdf->Output('document/survey...', 'F')
#1 {main}
  thrown in /home/dgfm/demo.dgfm.app/vendor/mpdf/mpdf/src/Mpdf.php on line 9627
